0 info it worked if it ends with ok
1 verbose cli [ 'C:\\Program Files\\nodejs\\node.exe',
1 verbose cli   'C:\\Program Files\\nodejs\\node_modules\\npm\\bin\\npm-cli.js',
1 verbose cli   'run',
1 verbose cli   'lint' ]
2 info using npm@3.10.3
3 info using node@v6.5.0
4 verbose run-script [ 'prelint', 'lint', 'postlint' ]
5 info lifecycle flight-app@0.0.0~prelint: flight-app@0.0.0
6 silly lifecycle flight-app@0.0.0~prelint: no script for prelint, continuing
7 info lifecycle flight-app@0.0.0~lint: flight-app@0.0.0
8 verbose lifecycle flight-app@0.0.0~lint: unsafe-perm in lifecycle true
9 verbose lifecycle flight-app@0.0.0~lint: PATH: C:\Program Files\nodejs\node_modules\npm\bin\node-gyp-bin;c:\Users\Manfred\Documents\artikel\angular-cli\flight-app\node_modules\.bin;C:\Program Files\nodejs;C:\Program Files (x86)\Intel\iCLS Client\;C:\Program Files\Intel\iCLS Client\;C:\Windows\system32;C:\Windows;C:\Windows\System32\Wbem;C:\Windows\System32\WindowsPowerShell\v1.0\;C:\Program Files (x86)\Intel\Intel(R) Management Engine Components\DAL;C:\Program Files\Intel\Intel(R) Management Engine Components\DAL;C:\Program Files (x86)\Intel\Intel(R) Management Engine Components\IPT;C:\Program Files\Intel\Intel(R) Management Engine Components\IPT;C:\Program Files\Microsoft SQL Server\120\Tools\Binn\;C:\Program Files\Microsoft SQL Server\130\Tools\Binn\;C:\Program Files\Git\cmd;C:\Program Files\dotnet\;C:\Program Files (x86)\Common Files\Acronis\VirtualFile\;C:\Program Files (x86)\Common Files\Acronis\VirtualFile64\;C:\Program Files (x86)\Common Files\Acronis\SnapAPI\;C:\Program Files\nodejs\;;C:\Program Files (x86)\Microsoft VS Code\bin;C:\Users\Manfred\AppData\Roaming\npm
10 verbose lifecycle flight-app@0.0.0~lint: CWD: c:\Users\Manfred\Documents\artikel\angular-cli\flight-app
11 silly lifecycle flight-app@0.0.0~lint: Args: [ '/d /s /c', 'tslint "src/**/*.ts"' ]
12 silly lifecycle flight-app@0.0.0~lint: Returned: code: 2  signal: null
13 info lifecycle flight-app@0.0.0~lint: Failed to exec lint script
14 verbose stack Error: flight-app@0.0.0 lint: `tslint "src/**/*.ts"`
14 verbose stack Exit status 2
14 verbose stack     at EventEmitter.<anonymous> (C:\Program Files\nodejs\node_modules\npm\lib\utils\lifecycle.js:242:16)
14 verbose stack     at emitTwo (events.js:106:13)
14 verbose stack     at EventEmitter.emit (events.js:191:7)
14 verbose stack     at ChildProcess.<anonymous> (C:\Program Files\nodejs\node_modules\npm\lib\utils\spawn.js:40:14)
14 verbose stack     at emitTwo (events.js:106:13)
14 verbose stack     at ChildProcess.emit (events.js:191:7)
14 verbose stack     at maybeClose (internal/child_process.js:877:16)
14 verbose stack     at Process.ChildProcess._handle.onexit (internal/child_process.js:226:5)
15 verbose pkgid flight-app@0.0.0
16 verbose cwd c:\Users\Manfred\Documents\artikel\angular-cli\flight-app
17 error Windows_NT 10.0.10586
18 error argv "C:\\Program Files\\nodejs\\node.exe" "C:\\Program Files\\nodejs\\node_modules\\npm\\bin\\npm-cli.js" "run" "lint"
19 error node v6.5.0
20 error npm  v3.10.3
21 error code ELIFECYCLE
22 error flight-app@0.0.0 lint: `tslint "src/**/*.ts"`
22 error Exit status 2
23 error Failed at the flight-app@0.0.0 lint script 'tslint "src/**/*.ts"'.
23 error Make sure you have the latest version of node.js and npm installed.
23 error If you do, this is most likely a problem with the flight-app package,
23 error not with npm itself.
23 error Tell the author that this fails on your system:
23 error     tslint "src/**/*.ts"
23 error You can get information on how to open an issue for this project with:
23 error     npm bugs flight-app
23 error Or if that isn't available, you can get their info via:
23 error     npm owner ls flight-app
23 error There is likely additional logging output above.
24 verbose exit [ 1, true ]
